Arguments: 
  /usr/bin/node /usr/local/bin/yarn add @metaplex-foundation

PATH: 
  /home/chuksud77/.local/share/solana/install/active_release/bin:/home/chuksud77/bin:/home/chuksud77/.cargo/bin:/usr/local/sbin:/usr/local/bin:/usr/sbin:/usr/bin:/sbin:/bin:/usr/games:/usr/local/games:/usr/lib/wsl/lib:/mnt/c/WINDOWS/system32:/mnt/c/WINDOWS:/mnt/c/WINDOWS/System32/Wbem:/mnt/c/WINDOWS/System32/WindowsPowerShell/v1.0/:/mnt/c/WINDOWS/System32/OpenSSH/:/mnt/c/Program Files/Git/cmd:/mnt/c/Program Files/MongoDB/Server/5.0/bin:/mnt/c/Program Files/dotnet/:/mnt/c/Program Files/PuTTY/:/mnt/c/Users/Chukky/AppData/Roaming/nvm:/mnt/c/Program Files/nodejs:/mnt/c/Program Files/MySQL/MySQL Shell 8.0/bin/:/mnt/c/Users/Chukky/AppData/Local/Programs/Python/Python39/Scripts/:/mnt/c/Users/Chukky/AppData/Local/Programs/Python/Python39/:/mnt/c/Users/Chukky/AppData/Local/Microsoft/WindowsApps:/mnt/c/Users/Chukky/AppData/Local/Programs/Microsoft VS Code/bin:/mnt/c/Program Files/JetBrains/IntelliJ IDEA 2021.3.3/bin:/mnt/c/Program Files/JetBrains/CLion 2021.3.4/bin:/mnt/c/Program Files/MongoDB/Server/5.0/bin:/mnt/c/Program Files/heroku/bin:/mnt/c/Users/Chukky/.fly/bin:/mnt/c/Users/Chukky/AppData/Roaming/npm:/mnt/c/Users/Chukky/AppData/Roaming/nvm:/mnt/c/Program Files/nodejs:/snap/bin

Yarn version: 
  1.22.17

Node version: 
  14.21.3

Platform: 
  linux x64

Trace: 
  Error: /registry.npmjs.org/@coral-xyz%2fanchor: Invalid URI "/registry.npmjs.org/@coral-xyz%2fanchor"
      at Request.module.exports.Request.init (/usr/local/lib/node_modules/yarn/lib/cli.js:140971:31)
      at new Request (/usr/local/lib/node_modules/yarn/lib/cli.js:140825:8)
      at request (/usr/local/lib/node_modules/yarn/lib/cli.js:137731:10)
      at RequestManager.execute (/usr/local/lib/node_modules/yarn/lib/cli.js:67081:15)
      at RequestManager.shiftQueue (/usr/local/lib/node_modules/yarn/lib/cli.js:67119:10)
      at /usr/local/lib/node_modules/yarn/lib/cli.js:66788:13
      at new Promise (<anonymous>)
      at new F (/usr/local/lib/node_modules/yarn/lib/cli.js:5301:28)
      at RequestManager.request (/usr/local/lib/node_modules/yarn/lib/cli.js:66786:19)
      at NpmRegistry.<anonymous> (/usr/local/lib/node_modules/yarn/lib/cli.js:31747:42)

npm manifest: 
  {
  	"name": "@formfunction-hq/formfunction-auction-house",
  	"version": "0.0.5-alpha.146",
  	"description": "TypeScript SDK for interacting with Formfunction's auction house program.",
  	"repository": "git://github.com/formfunction-hq/formfn-auction-house.git",
  	"main": "dist/index.js",
  	"types": "dist/index.d.ts",
  	"license": "UNLICENSED",
  	"files": [
  		"dist"
  	],
  	"publishConfig": {
  		"@formfunction-hq:registry": "https://npm.pkg.github.com"
  	},
  	"scripts": {
  		"prepare": "husky install",
  		"setup": "./scripts/setup.sh",
  		"prettier": "prettier --write \"src/**/*.ts\"",
  		"eslint": "eslint --cache --fix 'src/**/*.ts'",
  		"lint-check": "prettier --check \"src/**/*.ts\" && eslint --cache 'src/**/*.ts'",
  		"lint": "yarn prettier && yarn eslint",
  		"build": "tsc -P tsconfig.build.json && tsc-alias -p tsconfig.build.json",
  		"build-program": "anchor build && yarn setup",
  		"test-cargo": "cargo test",
  		"test-cargo-debug": "RUST_BACKTRACE=1 cargo test -- --nocapture",
  		"test-unit": "UNIT_TESTS=true jest src/tests/unit/*.test.ts",
  		"test-program": "./scripts/test.sh",
  		"test-program-spl": "SPL_TOKEN=true ./scripts/test.sh",
  		"test-program-debug": "DEBUG=true BLUEBIRD_LONG_STACK_TRACES=1 ./scripts/test.sh",
  		"test-pnft": "yarn test-program-debug src/tests/programmable-nfts/*.test.ts",
  		"test": "yarn test-cargo && yarn test-unit && yarn test-program",
  		"deploy-dev": "./scripts/deploy-dev.sh",
  		"deploy-test": "./scripts/deploy-test.sh",
  		"create-address-lookup-table": "ts-node -r tsconfig-paths/register src/address-lookup-table/scripts/createTable.ts",
  		"print-address-lookup-table": "ts-node -r tsconfig-paths/register src/address-lookup-table/scripts/printTable.ts",
  		"extend-address-lookup-table": "ts-node -r tsconfig-paths/register src/address-lookup-table/scripts/extendTable.ts",
  		"modify-program-idl": "ts-node -r tsconfig-paths/register -T src/scripts/modifyProgramIdl.ts",
  		"lint-program-idl": "ts-node -r tsconfig-paths/register src/scripts/lintProgramIdl.ts",
  		"dump": "./scripts/solana-program-dump.sh"
  	},
  	"dependencies": {
  		"@coral-xyz/anchor": "^0.29.0",
  		"@metaplex-foundation/mpl-token-auth-rules": "^1.1.0",
  		"@msgpack/msgpack": "^2.8.0",
  		"@solana/spl-token": "^0.3.7",
  		"bn.js": "^5.2.0",
  		"buffer-layout": "^1.2.2",
  		"dayjs": "^1.10.7",
  		"dotenv": "^16.4.5"
  	},
  	"peerDependencies": {
  		"@metaplex-foundation/mpl-token-metadata": "^2.7.0",
  		"@project-serum/anchor": "^0.26.0",
  		"@solana/web3.js": "^1.73.0"
  	},
  	"devDependencies": {
  		"@metaplex-foundation/mpl-token-metadata": "^2.7.0",
  		"@project-serum/anchor": "^0.26.0",
  		"@solana/web3.js": "^1.91.0",
  		"@types/bluebird": "^3.5.36",
  		"@types/bn.js": "^5.1.0",
  		"@types/jest": "^27.5.2",
  		"@types/mocha": "^10.0.6",
  		"@types/yargs": "^17.0.19",
  		"@typescript-eslint/eslint-plugin": "^5.17.0",
  		"@typescript-eslint/parser": "^5.17.0",
  		"bluebird": "^3.7.2",
  		"chai": "^5.1.0",
  		"eslint": "^8.12.0",
  		"eslint-config-prettier": "^8.5.0",
  		"eslint-plugin-import": "^2.25.4",
  		"eslint-plugin-prettier": "^4.0.0",
  		"eslint-plugin-simple-import-sort": "^8.0.0",
  		"eslint-plugin-sort-keys-fix": "^1.1.2",
  		"eslint-plugin-typescript-sort-keys": "^2.1.0",
  		"husky": "^8.0.3",
  		"jest": "^27.5.1",
  		"mocha": "^10.3.0",
  		"npm": "^8.3.0",
  		"prettier": "^2.6.1",
  		"tiny-invariant": "^1.3.1",
  		"ts-jest": "^27.1.4",
  		"ts-mocha": "^10.0.0",
  		"ts-node": "^10.7.0",
  		"tsc-alias": "^1.5.0",
  		"tsconfig-paths": "^3.12.0",
  		"typescript": "^4.9.3",
  		"yargs": "^17.6.2"
  	}
  }

yarn manifest: 
  No manifest

Lockfile: 
  No lockfile
